\BOOKMARK [0][-]{chapter.1}{\376\377\0001\000\040\000H\000o\000m\000e\000\040\000S\000e\000c\000u\000r\000i\000t\000y\000\040\000A\000n\000d\000\040\000S\000a\000f\000e\000t\000y\000\040\000S\000y\000s\000t\000e\000m}{}% 1
\BOOKMARK [0][-]{chapter.2}{\376\377\0002\000\040\000M\000o\000d\000u\000l\000e\000\040\000I\000n\000d\000e\000x}{}% 2
\BOOKMARK [1][-]{section.2.1}{\376\377\0002\000.\0001\000\040\000M\000o\000d\000u\000l\000e\000s}{chapter.2}% 3
\BOOKMARK [0][-]{chapter.3}{\376\377\0003\000\040\000D\000a\000t\000a\000\040\000S\000t\000r\000u\000c\000t\000u\000r\000e\000\040\000I\000n\000d\000e\000x}{}% 4
\BOOKMARK [1][-]{section.3.1}{\376\377\0003\000.\0001\000\040\000D\000a\000t\000a\000\040\000S\000t\000r\000u\000c\000t\000u\000r\000e\000s}{chapter.3}% 5
\BOOKMARK [0][-]{chapter.4}{\376\377\0004\000\040\000F\000i\000l\000e\000\040\000I\000n\000d\000e\000x}{}% 6
\BOOKMARK [1][-]{section.4.1}{\376\377\0004\000.\0001\000\040\000F\000i\000l\000e\000\040\000L\000i\000s\000t}{chapter.4}% 7
\BOOKMARK [0][-]{chapter.5}{\376\377\0005\000\040\000M\000o\000d\000u\000l\000e\000\040\000D\000o\000c\000u\000m\000e\000n\000t\000a\000t\000i\000o\000n}{}% 8
\BOOKMARK [1][-]{section.5.1}{\376\377\0005\000.\0001\000\040\000A\000D\000C}{chapter.5}% 9
\BOOKMARK [2][-]{subsection.5.1.1}{\376\377\0005\000.\0001\000.\0001\000\040\000D\000e\000t\000a\000i\000l\000e\000d\000\040\000D\000e\000s\000c\000r\000i\000p\000t\000i\000o\000n}{section.5.1}% 10
\BOOKMARK [1][-]{section.5.2}{\376\377\0005\000.\0002\000\040\000A\000D\000C\000\137\000P\000r\000i\000v\000a\000t\000e\000\137\000C\000o\000n\000s\000t\000a\000n\000t\000s}{chapter.5}% 11
\BOOKMARK [2][-]{subsection.5.2.1}{\376\377\0005\000.\0002\000.\0001\000\040\000D\000e\000t\000a\000i\000l\000e\000d\000\040\000D\000e\000s\000c\000r\000i\000p\000t\000i\000o\000n}{section.5.2}% 12
\BOOKMARK [1][-]{section.5.3}{\376\377\0005\000.\0003\000\040\000A\000D\000C\000\137\000P\000r\000i\000v\000a\000t\000e\000\137\000V\000a\000r\000i\000a\000b\000l\000e\000s}{chapter.5}% 13
\BOOKMARK [2][-]{subsection.5.3.1}{\376\377\0005\000.\0003\000.\0001\000\040\000D\000e\000t\000a\000i\000l\000e\000d\000\040\000D\000e\000s\000c\000r\000i\000p\000t\000i\000o\000n}{section.5.3}% 14
\BOOKMARK [1][-]{section.5.4}{\376\377\0005\000.\0004\000\040\000A\000D\000C\000\137\000P\000r\000i\000v\000a\000t\000e\000\137\000F\000u\000n\000c\000t\000i\000o\000n\000s}{chapter.5}% 15
\BOOKMARK [2][-]{subsection.5.4.1}{\376\377\0005\000.\0004\000.\0001\000\040\000D\000e\000t\000a\000i\000l\000e\000d\000\040\000D\000e\000s\000c\000r\000i\000p\000t\000i\000o\000n}{section.5.4}% 16
\BOOKMARK [2][-]{subsection.5.4.2}{\376\377\0005\000.\0004\000.\0002\000\040\000F\000u\000n\000c\000t\000i\000o\000n\000\040\000D\000o\000c\000u\000m\000e\000n\000t\000a\000t\000i\000o\000n}{section.5.4}% 17
\BOOKMARK [3][-]{subsubsection.5.4.2.1}{\376\377\0005\000.\0004\000.\0002\000.\0001\000\040\000c\000o\000n\000f\000i\000g\000R\000e\000a\000d\000A\000D\000C\000\050\000\051}{subsection.5.4.2}% 18
\BOOKMARK [1][-]{section.5.5}{\376\377\0005\000.\0005\000\040\000A\000D\000C\000\137\000P\000u\000b\000l\000i\000c\000\137\000F\000u\000n\000c\000t\000i\000o\000n\000s}{chapter.5}% 19
\BOOKMARK [2][-]{subsection.5.5.1}{\376\377\0005\000.\0005\000.\0001\000\040\000D\000e\000t\000a\000i\000l\000e\000d\000\040\000D\000e\000s\000c\000r\000i\000p\000t\000i\000o\000n}{section.5.5}% 20
\BOOKMARK [2][-]{subsection.5.5.2}{\376\377\0005\000.\0005\000.\0002\000\040\000F\000u\000n\000c\000t\000i\000o\000n\000\040\000D\000o\000c\000u\000m\000e\000n\000t\000a\000t\000i\000o\000n}{section.5.5}% 21
\BOOKMARK [3][-]{subsubsection.5.5.2.1}{\376\377\0005\000.\0005\000.\0002\000.\0001\000\040\000c\000h\000e\000c\000k\000F\000i\000r\000e\000D\000e\000t\000e\000c\000t\000e\000d\000\050\000\051}{subsection.5.5.2}% 22
\BOOKMARK [3][-]{subsubsection.5.5.2.2}{\376\377\0005\000.\0005\000.\0002\000.\0002\000\040\000c\000h\000e\000c\000k\000W\000a\000t\000e\000r\000D\000e\000t\000e\000c\000t\000e\000d\000\050\000\051}{subsection.5.5.2}% 23
\BOOKMARK [3][-]{subsubsection.5.5.2.3}{\376\377\0005\000.\0005\000.\0002\000.\0003\000\040\000i\000n\000i\000t\000i\000a\000l\000i\000z\000e\000A\000d\000c\000S\000e\000n\000s\000o\000r\000s\000\050\000\051}{subsection.5.5.2}% 24
\BOOKMARK [1][-]{section.5.6}{\376\377\0005\000.\0006\000\040\000C\000o\000m\000m\000o\000n\000\137\000M\000e\000t\000h\000o\000d\000s}{chapter.5}% 25
\BOOKMARK [2][-]{subsection.5.6.1}{\376\377\0005\000.\0006\000.\0001\000\040\000D\000e\000t\000a\000i\000l\000e\000d\000\040\000D\000e\000s\000c\000r\000i\000p\000t\000i\000o\000n}{section.5.6}% 26
\BOOKMARK [1][-]{section.5.7}{\376\377\0005\000.\0007\000\040\000C\000o\000m\000m\000o\000n\000\137\000M\000e\000t\000h\000o\000d\000s\000\137\000P\000u\000b\000l\000i\000c\000\137\000F\000u\000n\000c\000t\000i\000o\000n\000s}{chapter.5}% 27
\BOOKMARK [2][-]{subsection.5.7.1}{\376\377\0005\000.\0007\000.\0001\000\040\000D\000e\000t\000a\000i\000l\000e\000d\000\040\000D\000e\000s\000c\000r\000i\000p\000t\000i\000o\000n}{section.5.7}% 28
\BOOKMARK [2][-]{subsection.5.7.2}{\376\377\0005\000.\0007\000.\0002\000\040\000F\000u\000n\000c\000t\000i\000o\000n\000\040\000D\000o\000c\000u\000m\000e\000n\000t\000a\000t\000i\000o\000n}{section.5.7}% 29
\BOOKMARK [3][-]{subsubsection.5.7.2.1}{\376\377\0005\000.\0007\000.\0002\000.\0001\000\040\000e\000n\000a\000b\000l\000e\000C\000l\000o\000c\000k\000s\000\050\000\051}{subsection.5.7.2}% 30
\BOOKMARK [3][-]{subsubsection.5.7.2.2}{\376\377\0005\000.\0007\000.\0002\000.\0002\000\040\000i\000s\000I\000n\000R\000a\000n\000g\000e\000\050\000\051}{subsection.5.7.2}% 31
\BOOKMARK [3][-]{subsubsection.5.7.2.3}{\376\377\0005\000.\0007\000.\0002\000.\0003\000\040\000w\000a\000i\000t\000\050\000\051}{subsection.5.7.2}% 32
\BOOKMARK [1][-]{section.5.8}{\376\377\0005\000.\0008\000\040\000M\000A\000I\000N}{chapter.5}% 33
\BOOKMARK [2][-]{subsection.5.8.1}{\376\377\0005\000.\0008\000.\0001\000\040\000D\000e\000t\000a\000i\000l\000e\000d\000\040\000D\000e\000s\000c\000r\000i\000p\000t\000i\000o\000n}{section.5.8}% 34
\BOOKMARK [1][-]{section.5.9}{\376\377\0005\000.\0009\000\040\000M\000A\000I\000N\000\137\000E\000n\000u\000m}{chapter.5}% 35
\BOOKMARK [2][-]{subsection.5.9.1}{\376\377\0005\000.\0009\000.\0001\000\040\000D\000e\000t\000a\000i\000l\000e\000d\000\040\000D\000e\000s\000c\000r\000i\000p\000t\000i\000o\000n}{section.5.9}% 36
\BOOKMARK [2][-]{subsection.5.9.2}{\376\377\0005\000.\0009\000.\0002\000\040\000E\000n\000u\000m\000e\000r\000a\000t\000i\000o\000n\000\040\000T\000y\000p\000e\000\040\000D\000o\000c\000u\000m\000e\000n\000t\000a\000t\000i\000o\000n}{section.5.9}% 37
\BOOKMARK [3][-]{subsubsection.5.9.2.1}{\376\377\0005\000.\0009\000.\0002\000.\0001\000\040\000C\000u\000r\000r\000P\000a\000g\000e}{subsection.5.9.2}% 38
\BOOKMARK [1][-]{section.5.10}{\376\377\0005\000.\0001\0000\000\040\000M\000A\000I\000N\000\137\000P\000r\000i\000v\000a\000t\000e\000\137\000C\000o\000n\000s\000t\000a\000n\000t\000s}{chapter.5}% 39
\BOOKMARK [2][-]{subsection.5.10.1}{\376\377\0005\000.\0001\0000\000.\0001\000\040\000D\000e\000t\000a\000i\000l\000e\000d\000\040\000D\000e\000s\000c\000r\000i\000p\000t\000i\000o\000n}{section.5.10}% 40
\BOOKMARK [1][-]{section.5.11}{\376\377\0005\000.\0001\0001\000\040\000M\000A\000I\000N\000\137\000P\000r\000i\000v\000a\000t\000e\000\137\000V\000a\000r\000i\000a\000b\000l\000e\000s}{chapter.5}% 41
\BOOKMARK [2][-]{subsection.5.11.1}{\376\377\0005\000.\0001\0001\000.\0001\000\040\000D\000e\000t\000a\000i\000l\000e\000d\000\040\000D\000e\000s\000c\000r\000i\000p\000t\000i\000o\000n}{section.5.11}% 42
\BOOKMARK [1][-]{section.5.12}{\376\377\0005\000.\0001\0002\000\040\000M\000A\000I\000N\000\137\000P\000r\000i\000v\000a\000t\000e\000\137\000F\000u\000n\000c\000t\000i\000o\000n\000P\000r\000o\000t\000o\000t\000y\000p\000e\000s}{chapter.5}% 43
\BOOKMARK [2][-]{subsection.5.12.1}{\376\377\0005\000.\0001\0002\000.\0001\000\040\000D\000e\000t\000a\000i\000l\000e\000d\000\040\000D\000e\000s\000c\000r\000i\000p\000t\000i\000o\000n}{section.5.12}% 44
\BOOKMARK [1][-]{section.5.13}{\376\377\0005\000.\0001\0003\000\040\000M\000A\000I\000N\000\137\000P\000r\000i\000v\000a\000t\000e\000\137\000F\000u\000n\000c\000t\000i\000o\000n\000s}{chapter.5}% 45
\BOOKMARK [2][-]{subsection.5.13.1}{\376\377\0005\000.\0001\0003\000.\0001\000\040\000D\000e\000t\000a\000i\000l\000e\000d\000\040\000D\000e\000s\000c\000r\000i\000p\000t\000i\000o\000n}{section.5.13}% 46
\BOOKMARK [2][-]{subsection.5.13.2}{\376\377\0005\000.\0001\0003\000.\0002\000\040\000F\000u\000n\000c\000t\000i\000o\000n\000\040\000D\000o\000c\000u\000m\000e\000n\000t\000a\000t\000i\000o\000n}{section.5.13}% 47
\BOOKMARK [3][-]{subsubsection.5.13.2.1}{\376\377\0005\000.\0001\0003\000.\0002\000.\0001\000\040\000E\000r\000r\000o\000r\000\137\000H\000a\000n\000d\000l\000e\000r\000\050\000\051}{subsection.5.13.2}% 48
\BOOKMARK [3][-]{subsubsection.5.13.2.2}{\376\377\0005\000.\0001\0003\000.\0002\000.\0002\000\040\000m\000a\000i\000n\000\050\000\051}{subsection.5.13.2}% 49
\BOOKMARK [3][-]{subsubsection.5.13.2.3}{\376\377\0005\000.\0001\0003\000.\0002\000.\0003\000\040\000S\000y\000s\000t\000e\000m\000C\000l\000o\000c\000k\000\137\000C\000o\000n\000f\000i\000g\000\050\000\051}{subsection.5.13.2}% 50
\BOOKMARK [1][-]{section.5.14}{\376\377\0005\000.\0001\0004\000\040\000M\000E\000M\000B\000R\000A\000N\000E\000\137\000K\000E\000Y\000\137\000P\000A\000D}{chapter.5}% 51
\BOOKMARK [2][-]{subsection.5.14.1}{\376\377\0005\000.\0001\0004\000.\0001\000\040\000D\000e\000t\000a\000i\000l\000e\000d\000\040\000D\000e\000s\000c\000r\000i\000p\000t\000i\000o\000n}{section.5.14}% 52
\BOOKMARK [1][-]{section.5.15}{\376\377\0005\000.\0001\0005\000\040\000M\000E\000M\000B\000R\000A\000N\000E\000\137\000K\000E\000Y\000\137\000P\000A\000D\000\137\000P\000r\000i\000v\000a\000t\000e\000\137\000C\000o\000n\000s\000t\000a\000n\000t\000s}{chapter.5}% 53
\BOOKMARK [2][-]{subsection.5.15.1}{\376\377\0005\000.\0001\0005\000.\0001\000\040\000D\000e\000t\000a\000i\000l\000e\000d\000\040\000D\000e\000s\000c\000r\000i\000p\000t\000i\000o\000n}{section.5.15}% 54
\BOOKMARK [1][-]{section.5.16}{\376\377\0005\000.\0001\0006\000\040\000M\000E\000M\000B\000R\000A\000N\000E\000\137\000K\000E\000Y\000\137\000P\000A\000D\000\137\000P\000r\000i\000v\000a\000t\000e\000\137\000V\000a\000r\000i\000a\000b\000l\000e\000s}{chapter.5}% 55
\BOOKMARK [2][-]{subsection.5.16.1}{\376\377\0005\000.\0001\0006\000.\0001\000\040\000D\000e\000t\000a\000i\000l\000e\000d\000\040\000D\000e\000s\000c\000r\000i\000p\000t\000i\000o\000n}{section.5.16}% 56
\BOOKMARK [1][-]{section.5.17}{\376\377\0005\000.\0001\0007\000\040\000M\000E\000M\000B\000R\000A\000N\000E\000\137\000K\000E\000Y\000\137\000P\000A\000D\000\137\000S\000t\000r\000u\000c\000t\000s}{chapter.5}% 57
\BOOKMARK [2][-]{subsection.5.17.1}{\376\377\0005\000.\0001\0007\000.\0001\000\040\000D\000e\000t\000a\000i\000l\000e\000d\000\040\000D\000e\000s\000c\000r\000i\000p\000t\000i\000o\000n}{section.5.17}% 58
\BOOKMARK [1][-]{section.5.18}{\376\377\0005\000.\0001\0008\000\040\000M\000E\000M\000B\000R\000A\000N\000E\000\137\000K\000E\000Y\000\137\000P\000A\000D\000\137\000P\000r\000i\000v\000a\000t\000e\000\137\000F\000u\000n\000c\000t\000i\000o\000n\000s}{chapter.5}% 59
\BOOKMARK [2][-]{subsection.5.18.1}{\376\377\0005\000.\0001\0008\000.\0001\000\040\000D\000e\000t\000a\000i\000l\000e\000d\000\040\000D\000e\000s\000c\000r\000i\000p\000t\000i\000o\000n}{section.5.18}% 60
\BOOKMARK [2][-]{subsection.5.18.2}{\376\377\0005\000.\0001\0008\000.\0002\000\040\000F\000u\000n\000c\000t\000i\000o\000n\000\040\000D\000o\000c\000u\000m\000e\000n\000t\000a\000t\000i\000o\000n}{section.5.18}% 61
\BOOKMARK [3][-]{subsubsection.5.18.2.1}{\376\377\0005\000.\0001\0008\000.\0002\000.\0001\000\040\000g\000e\000t\000M\000e\000m\000b\000r\000a\000n\000e\000N\000u\000m\000\050\000\051}{subsection.5.18.2}% 62
\BOOKMARK [3][-]{subsubsection.5.18.2.2}{\376\377\0005\000.\0001\0008\000.\0002\000.\0002\000\040\000i\000n\000i\000t\000i\000a\000l\000i\000z\000e\000M\000e\000m\000b\000r\000a\000n\000e\000\050\000\051}{subsection.5.18.2}% 63
\BOOKMARK [3][-]{subsubsection.5.18.2.3}{\376\377\0005\000.\0001\0008\000.\0002\000.\0003\000\040\000r\000e\000a\000d\000M\000e\000m\000b\000r\000a\000n\000e\000\050\000\051}{subsection.5.18.2}% 64
\BOOKMARK [3][-]{subsubsection.5.18.2.4}{\376\377\0005\000.\0001\0008\000.\0002\000.\0004\000\040\000r\000e\000s\000e\000t\000M\000e\000m\000b\000r\000a\000n\000e\000P\000i\000n\000s\000\050\000\051}{subsection.5.18.2}% 65
\BOOKMARK [1][-]{section.5.19}{\376\377\0005\000.\0001\0009\000\040\000M\000E\000M\000B\000R\000A\000N\000E\000\137\000K\000E\000Y\000\137\000P\000A\000D\000\137\000P\000u\000b\000l\000i\000c\000\137\000F\000u\000n\000c\000t\000i\000o\000n\000s}{chapter.5}% 66
\BOOKMARK [2][-]{subsection.5.19.1}{\376\377\0005\000.\0001\0009\000.\0001\000\040\000D\000e\000t\000a\000i\000l\000e\000d\000\040\000D\000e\000s\000c\000r\000i\000p\000t\000i\000o\000n}{section.5.19}% 67
\BOOKMARK [2][-]{subsection.5.19.2}{\376\377\0005\000.\0001\0009\000.\0002\000\040\000F\000u\000n\000c\000t\000i\000o\000n\000\040\000D\000o\000c\000u\000m\000e\000n\000t\000a\000t\000i\000o\000n}{section.5.19}% 68
\BOOKMARK [3][-]{subsubsection.5.19.2.1}{\376\377\0005\000.\0001\0009\000.\0002\000.\0001\000\040\000c\000h\000e\000c\000k\000M\000e\000m\000P\000i\000n\000\050\000\051}{subsection.5.19.2}% 69
\BOOKMARK [3][-]{subsubsection.5.19.2.2}{\376\377\0005\000.\0001\0009\000.\0002\000.\0002\000\040\000i\000n\000i\000t\000i\000a\000l\000i\000z\000e\000M\000e\000m\000b\000r\000a\000n\000e\000P\000i\000n\000s\000\050\000\051}{subsection.5.19.2}% 70
\BOOKMARK [1][-]{section.5.20}{\376\377\0005\000.\0002\0000\000\040\000P\000I\000N\000\137\000P\000A\000D\000\137\000P\000A\000G\000E}{chapter.5}% 71
\BOOKMARK [2][-]{subsection.5.20.1}{\376\377\0005\000.\0002\0000\000.\0001\000\040\000D\000e\000t\000a\000i\000l\000e\000d\000\040\000D\000e\000s\000c\000r\000i\000p\000t\000i\000o\000n}{section.5.20}% 72
\BOOKMARK [1][-]{section.5.21}{\376\377\0005\000.\0002\0001\000\040\000P\000I\000N\000\137\000P\000A\000D\000\137\000P\000A\000G\000E\000\137\000P\000r\000i\000v\000a\000t\000e\000\137\000C\000o\000n\000s\000t\000a\000n\000t\000s}{chapter.5}% 73
\BOOKMARK [2][-]{subsection.5.21.1}{\376\377\0005\000.\0002\0001\000.\0001\000\040\000D\000e\000t\000a\000i\000l\000e\000d\000\040\000D\000e\000s\000c\000r\000i\000p\000t\000i\000o\000n}{section.5.21}% 74
\BOOKMARK [2][-]{subsection.5.21.2}{\376\377\0005\000.\0002\0001\000.\0002\000\040\000V\000a\000r\000i\000a\000b\000l\000e\000\040\000D\000o\000c\000u\000m\000e\000n\000t\000a\000t\000i\000o\000n}{section.5.21}% 75
\BOOKMARK [3][-]{subsubsection.5.21.2.1}{\376\377\0005\000.\0002\0001\000.\0002\000.\0001\000\040\000n\000u\000m\000P\000a\000d\000C\000o\000o\000r\000d\000i\000n\000a\000t\000e\000s}{subsection.5.21.2}% 76
\BOOKMARK [1][-]{section.5.22}{\376\377\0005\000.\0002\0002\000\040\000P\000I\000N\000\137\000P\000A\000D\000\137\000P\000A\000G\000E\000\137\000P\000r\000i\000v\000a\000t\000e\000\137\000V\000a\000r\000i\000a\000b\000l\000e\000s}{chapter.5}% 77
\BOOKMARK [2][-]{subsection.5.22.1}{\376\377\0005\000.\0002\0002\000.\0001\000\040\000D\000e\000t\000a\000i\000l\000e\000d\000\040\000D\000e\000s\000c\000r\000i\000p\000t\000i\000o\000n}{section.5.22}% 78
\BOOKMARK [1][-]{section.5.23}{\376\377\0005\000.\0002\0003\000\040\000P\000I\000N\000\137\000P\000A\000D\000\137\000P\000A\000G\000E\000\137\000P\000r\000i\000v\000a\000t\000e\000\137\000F\000u\000n\000c\000t\000i\000o\000n\000s}{chapter.5}% 79
\BOOKMARK [2][-]{subsection.5.23.1}{\376\377\0005\000.\0002\0003\000.\0001\000\040\000D\000e\000t\000a\000i\000l\000e\000d\000\040\000D\000e\000s\000c\000r\000i\000p\000t\000i\000o\000n}{section.5.23}% 80
\BOOKMARK [2][-]{subsection.5.23.2}{\376\377\0005\000.\0002\0003\000.\0002\000\040\000F\000u\000n\000c\000t\000i\000o\000n\000\040\000D\000o\000c\000u\000m\000e\000n\000t\000a\000t\000i\000o\000n}{section.5.23}% 81
\BOOKMARK [3][-]{subsubsection.5.23.2.1}{\376\377\0005\000.\0002\0003\000.\0002\000.\0001\000\040\000c\000h\000e\000c\000k\000C\000o\000o\000r\000d\000s\000\050\000\051}{subsection.5.23.2}% 82
\BOOKMARK [3][-]{subsubsection.5.23.2.2}{\376\377\0005\000.\0002\0003\000.\0002\000.\0002\000\040\000c\000h\000e\000c\000k\000P\000a\000s\000s\000w\000o\000r\000d\000\050\000\051}{subsection.5.23.2}% 83
\BOOKMARK [3][-]{subsubsection.5.23.2.3}{\376\377\0005\000.\0002\0003\000.\0002\000.\0003\000\040\000c\000l\000e\000a\000r\000D\000i\000g\000i\000t\000s\000\050\000\051}{subsection.5.23.2}% 84
\BOOKMARK [3][-]{subsubsection.5.23.2.4}{\376\377\0005\000.\0002\0003\000.\0002\000.\0004\000\040\000c\000l\000e\000a\000r\000T\000e\000x\000t\000\050\000\051}{subsection.5.23.2}% 85
\BOOKMARK [3][-]{subsubsection.5.23.2.5}{\376\377\0005\000.\0002\0003\000.\0002\000.\0005\000\040\000d\000e\000l\000e\000t\000e\000D\000i\000g\000i\000t\000\050\000\051}{subsection.5.23.2}% 86
\BOOKMARK [3][-]{subsubsection.5.23.2.6}{\376\377\0005\000.\0002\0003\000.\0002\000.\0006\000\040\000d\000i\000s\000p\000C\000o\000r\000r\000e\000c\000t\000P\000a\000s\000s\000w\000o\000r\000d\000\050\000\051}{subsection.5.23.2}% 87
\BOOKMARK [3][-]{subsubsection.5.23.2.7}{\376\377\0005\000.\0002\0003\000.\0002\000.\0007\000\040\000d\000i\000s\000p\000D\000i\000g\000i\000t\000\050\000\051}{subsection.5.23.2}% 88
\BOOKMARK [3][-]{subsubsection.5.23.2.8}{\376\377\0005\000.\0002\0003\000.\0002\000.\0008\000\040\000d\000i\000s\000p\000D\000i\000g\000i\000t\000S\000p\000a\000c\000e\000s\000\050\000\051}{subsection.5.23.2}% 89
\BOOKMARK [3][-]{subsubsection.5.23.2.9}{\376\377\0005\000.\0002\0003\000.\0002\000.\0009\000\040\000d\000i\000s\000p\000W\000r\000o\000n\000g\000P\000a\000s\000s\000w\000o\000r\000d\000\050\000\051}{subsection.5.23.2}% 90
\BOOKMARK [3][-]{subsubsection.5.23.2.10}{\376\377\0005\000.\0002\0003\000.\0002\000.\0001\0000\000\040\000d\000r\000a\000w\000D\000i\000g\000i\000t\000B\000o\000x\000\050\000\051}{subsection.5.23.2}% 91
\BOOKMARK [3][-]{subsubsection.5.23.2.11}{\376\377\0005\000.\0002\0003\000.\0002\000.\0001\0001\000\040\000d\000r\000a\000w\000N\000u\000m\000P\000a\000d\000\050\000\051}{subsection.5.23.2}% 92
\BOOKMARK [1][-]{section.5.24}{\376\377\0005\000.\0002\0004\000\040\000P\000I\000N\000\137\000P\000A\000D\000\137\000P\000A\000G\000E\000\137\000P\000u\000b\000l\000i\000c\000\137\000F\000u\000n\000c\000t\000i\000o\000n\000s}{chapter.5}% 93
\BOOKMARK [2][-]{subsection.5.24.1}{\376\377\0005\000.\0002\0004\000.\0001\000\040\000D\000e\000t\000a\000i\000l\000e\000d\000\040\000D\000e\000s\000c\000r\000i\000p\000t\000i\000o\000n}{section.5.24}% 94
\BOOKMARK [2][-]{subsection.5.24.2}{\376\377\0005\000.\0002\0004\000.\0002\000\040\000F\000u\000n\000c\000t\000i\000o\000n\000\040\000D\000o\000c\000u\000m\000e\000n\000t\000a\000t\000i\000o\000n}{section.5.24}% 95
\BOOKMARK [3][-]{subsubsection.5.24.2.1}{\376\377\0005\000.\0002\0004\000.\0002\000.\0001\000\040\000c\000h\000e\000c\000k\000P\000i\000n\000\050\000\051}{subsection.5.24.2}% 96
\BOOKMARK [3][-]{subsubsection.5.24.2.2}{\376\377\0005\000.\0002\0004\000.\0002\000.\0002\000\040\000d\000i\000s\000p\000l\000a\000y\000L\000o\000c\000k\000S\000c\000r\000e\000e\000n\000\050\000\051}{subsection.5.24.2}% 97
\BOOKMARK [3][-]{subsubsection.5.24.2.3}{\376\377\0005\000.\0002\0004\000.\0002\000.\0003\000\040\000i\000n\000i\000t\000i\000a\000l\000i\000z\000e\000D\000i\000s\000p\000l\000a\000y\000\050\000\051}{subsection.5.24.2}% 98
\BOOKMARK [1][-]{section.5.25}{\376\377\0005\000.\0002\0005\000\040\000S\000E\000R\000V\000O\000\137\000M\000O\000T\000O\000R}{chapter.5}% 99
\BOOKMARK [2][-]{subsection.5.25.1}{\376\377\0005\000.\0002\0005\000.\0001\000\040\000D\000e\000t\000a\000i\000l\000e\000d\000\040\000D\000e\000s\000c\000r\000i\000p\000t\000i\000o\000n}{section.5.25}% 100
\BOOKMARK [1][-]{section.5.26}{\376\377\0005\000.\0002\0006\000\040\000S\000E\000R\000V\000O\000\137\000M\000O\000T\000O\000R\000\137\000P\000r\000i\000v\000a\000t\000e\000\137\000F\000u\000n\000c\000t\000i\000o\000n\000s}{chapter.5}% 101
\BOOKMARK [2][-]{subsection.5.26.1}{\376\377\0005\000.\0002\0006\000.\0001\000\040\000D\000e\000t\000a\000i\000l\000e\000d\000\040\000D\000e\000s\000c\000r\000i\000p\000t\000i\000o\000n}{section.5.26}% 102
\BOOKMARK [2][-]{subsection.5.26.2}{\376\377\0005\000.\0002\0006\000.\0002\000\040\000F\000u\000n\000c\000t\000i\000o\000n\000\040\000D\000o\000c\000u\000m\000e\000n\000t\000a\000t\000i\000o\000n}{section.5.26}% 103
\BOOKMARK [3][-]{subsubsection.5.26.2.1}{\376\377\0005\000.\0002\0006\000.\0002\000.\0001\000\040\000P\000B\0004\000\137\000I\000n\000i\000t\000\050\000\051}{subsection.5.26.2}% 104
\BOOKMARK [1][-]{section.5.27}{\376\377\0005\000.\0002\0007\000\040\000S\000E\000R\000V\000O\000\137\000M\000O\000T\000O\000R\000\137\000P\000u\000b\000l\000i\000c\000\137\000F\000u\000n\000c\000t\000i\000o\000n\000s}{chapter.5}% 105
\BOOKMARK [2][-]{subsection.5.27.1}{\376\377\0005\000.\0002\0007\000.\0001\000\040\000D\000e\000t\000a\000i\000l\000e\000d\000\040\000D\000e\000s\000c\000r\000i\000p\000t\000i\000o\000n}{section.5.27}% 106
\BOOKMARK [2][-]{subsection.5.27.2}{\376\377\0005\000.\0002\0007\000.\0002\000\040\000F\000u\000n\000c\000t\000i\000o\000n\000\040\000D\000o\000c\000u\000m\000e\000n\000t\000a\000t\000i\000o\000n}{section.5.27}% 107
\BOOKMARK [3][-]{subsubsection.5.27.2.1}{\376\377\0005\000.\0002\0007\000.\0002\000.\0001\000\040\000i\000n\000i\000t\000S\000e\000r\000v\000o\000M\000o\000t\000o\000r\000\050\000\051}{subsection.5.27.2}% 108
\BOOKMARK [3][-]{subsubsection.5.27.2.2}{\376\377\0005\000.\0002\0007\000.\0002\000.\0002\000\040\000l\000o\000c\000k\000D\000o\000o\000r\000\050\000\051}{subsection.5.27.2}% 109
\BOOKMARK [3][-]{subsubsection.5.27.2.3}{\376\377\0005\000.\0002\0007\000.\0002\000.\0003\000\040\000u\000n\000l\000o\000c\000k\000D\000o\000o\000r\000\050\000\051}{subsection.5.27.2}% 110
\BOOKMARK [1][-]{section.5.28}{\376\377\0005\000.\0002\0008\000\040\000S\000T\000A\000T\000U\000S\000\137\000P\000A\000G\000E}{chapter.5}% 111
\BOOKMARK [2][-]{subsection.5.28.1}{\376\377\0005\000.\0002\0008\000.\0001\000\040\000D\000e\000t\000a\000i\000l\000e\000d\000\040\000D\000e\000s\000c\000r\000i\000p\000t\000i\000o\000n}{section.5.28}% 112
\BOOKMARK [1][-]{section.5.29}{\376\377\0005\000.\0002\0009\000\040\000S\000T\000A\000T\000U\000S\000\137\000P\000A\000G\000E\000\137\000P\000r\000i\000v\000a\000t\000e\000\137\000C\000o\000n\000s\000t\000a\000n\000t\000s}{chapter.5}% 113
\BOOKMARK [2][-]{subsection.5.29.1}{\376\377\0005\000.\0002\0009\000.\0001\000\040\000D\000e\000t\000a\000i\000l\000e\000d\000\040\000D\000e\000s\000c\000r\000i\000p\000t\000i\000o\000n}{section.5.29}% 114
\BOOKMARK [1][-]{section.5.30}{\376\377\0005\000.\0003\0000\000\040\000S\000T\000A\000T\000U\000S\000\137\000P\000A\000G\000E\000\137\000P\000r\000i\000v\000a\000t\000e\000\137\000V\000a\000r\000i\000a\000b\000l\000e\000s}{chapter.5}% 115
\BOOKMARK [2][-]{subsection.5.30.1}{\376\377\0005\000.\0003\0000\000.\0001\000\040\000D\000e\000t\000a\000i\000l\000e\000d\000\040\000D\000e\000s\000c\000r\000i\000p\000t\000i\000o\000n}{section.5.30}% 116
\BOOKMARK [1][-]{section.5.31}{\376\377\0005\000.\0003\0001\000\040\000S\000T\000A\000T\000U\000S\000\137\000P\000A\000G\000E\000\137\000E\000n\000u\000m}{chapter.5}% 117
\BOOKMARK [2][-]{subsection.5.31.1}{\376\377\0005\000.\0003\0001\000.\0001\000\040\000D\000e\000t\000a\000i\000l\000e\000d\000\040\000D\000e\000s\000c\000r\000i\000p\000t\000i\000o\000n}{section.5.31}% 118
\BOOKMARK [2][-]{subsection.5.31.2}{\376\377\0005\000.\0003\0001\000.\0002\000\040\000E\000n\000u\000m\000e\000r\000a\000t\000i\000o\000n\000\040\000T\000y\000p\000e\000\040\000D\000o\000c\000u\000m\000e\000n\000t\000a\000t\000i\000o\000n}{section.5.31}% 119
\BOOKMARK [3][-]{subsubsection.5.31.2.1}{\376\377\0005\000.\0003\0001\000.\0002\000.\0001\000\040\000S\000t\000a\000t\000u\000s\000P\000a\000g\000e\000B\000u\000t\000t\000o\000n\000s}{subsection.5.31.2}% 120
\BOOKMARK [1][-]{section.5.32}{\376\377\0005\000.\0003\0002\000\040\000S\000T\000A\000T\000U\000S\000\137\000P\000A\000G\000E\000\137\000P\000r\000i\000v\000a\000t\000e\000\137\000F\000u\000n\000c\000t\000i\000o\000n\000s}{chapter.5}% 121
\BOOKMARK [2][-]{subsection.5.32.1}{\376\377\0005\000.\0003\0002\000.\0001\000\040\000D\000e\000t\000a\000i\000l\000e\000d\000\040\000D\000e\000s\000c\000r\000i\000p\000t\000i\000o\000n}{section.5.32}% 122
\BOOKMARK [2][-]{subsection.5.32.2}{\376\377\0005\000.\0003\0002\000.\0002\000\040\000F\000u\000n\000c\000t\000i\000o\000n\000\040\000D\000o\000c\000u\000m\000e\000n\000t\000a\000t\000i\000o\000n}{section.5.32}% 123
\BOOKMARK [3][-]{subsubsection.5.32.2.1}{\376\377\0005\000.\0003\0002\000.\0002\000.\0001\000\040\000s\000t\000a\000t\000u\000s\000P\000a\000g\000e\000\137\000c\000h\000e\000c\000k\000B\000u\000t\000t\000o\000n\000C\000o\000o\000r\000d\000s\000\050\000\051}{subsection.5.32.2}% 124
\BOOKMARK [1][-]{section.5.33}{\376\377\0005\000.\0003\0003\000\040\000S\000T\000A\000T\000U\000S\000\137\000P\000A\000G\000E\000\137\000P\000u\000b\000l\000i\000c\000\137\000F\000u\000n\000c\000t\000i\000o\000n\000s}{chapter.5}% 125
\BOOKMARK [2][-]{subsection.5.33.1}{\376\377\0005\000.\0003\0003\000.\0001\000\040\000D\000e\000t\000a\000i\000l\000e\000d\000\040\000D\000e\000s\000c\000r\000i\000p\000t\000i\000o\000n}{section.5.33}% 126
\BOOKMARK [2][-]{subsection.5.33.2}{\376\377\0005\000.\0003\0003\000.\0002\000\040\000F\000u\000n\000c\000t\000i\000o\000n\000\040\000D\000o\000c\000u\000m\000e\000n\000t\000a\000t\000i\000o\000n}{section.5.33}% 127
\BOOKMARK [3][-]{subsubsection.5.33.2.1}{\376\377\0005\000.\0003\0003\000.\0002\000.\0001\000\040\000c\000h\000e\000c\000k\000S\000t\000a\000t\000u\000s\000P\000a\000g\000e\000T\000o\000u\000c\000h\000\050\000\051}{subsection.5.33.2}% 128
\BOOKMARK [3][-]{subsubsection.5.33.2.2}{\376\377\0005\000.\0003\0003\000.\0002\000.\0002\000\040\000d\000i\000s\000p\000l\000a\000y\000S\000t\000a\000t\000u\000s\000P\000a\000g\000e\000\050\000\051}{subsection.5.33.2}% 129
\BOOKMARK [3][-]{subsubsection.5.33.2.3}{\376\377\0005\000.\0003\0003\000.\0002\000.\0003\000\040\000u\000p\000d\000a\000t\000e\000S\000t\000a\000t\000u\000s\000P\000a\000g\000e\000\050\000\051}{subsection.5.33.2}% 130
\BOOKMARK [1][-]{section.5.34}{\376\377\0005\000.\0003\0004\000\040\000C\000O\000R\000E}{chapter.5}% 131
\BOOKMARK [2][-]{subsection.5.34.1}{\376\377\0005\000.\0003\0004\000.\0001\000\040\000D\000e\000t\000a\000i\000l\000e\000d\000\040\000D\000e\000s\000c\000r\000i\000p\000t\000i\000o\000n}{section.5.34}% 132
\BOOKMARK [1][-]{section.5.35}{\376\377\0005\000.\0003\0005\000\040\000P\000E\000R\000I\000P\000H\000E\000R\000A\000L\000S}{chapter.5}% 133
\BOOKMARK [2][-]{subsection.5.35.1}{\376\377\0005\000.\0003\0005\000.\0001\000\040\000D\000e\000t\000a\000i\000l\000e\000d\000\040\000D\000e\000s\000c\000r\000i\000p\000t\000i\000o\000n}{section.5.35}% 134
\BOOKMARK [1][-]{section.5.36}{\376\377\0005\000.\0003\0006\000\040\000D\000I\000S\000P\000L\000A\000Y}{chapter.5}% 135
\BOOKMARK [2][-]{subsection.5.36.1}{\376\377\0005\000.\0003\0006\000.\0001\000\040\000D\000e\000t\000a\000i\000l\000e\000d\000\040\000D\000e\000s\000c\000r\000i\000p\000t\000i\000o\000n}{section.5.36}% 136
\BOOKMARK [0][-]{chapter.6}{\376\377\0006\000\040\000D\000a\000t\000a\000\040\000S\000t\000r\000u\000c\000t\000u\000r\000e\000\040\000D\000o\000c\000u\000m\000e\000n\000t\000a\000t\000i\000o\000n}{}% 137
\BOOKMARK [1][-]{section.6.1}{\376\377\0006\000.\0001\000\040\000p\000i\000n\000\040\000S\000t\000r\000u\000c\000t\000\040\000R\000e\000f\000e\000r\000e\000n\000c\000e}{chapter.6}% 138
\BOOKMARK [2][-]{subsection.6.1.1}{\376\377\0006\000.\0001\000.\0001\000\040\000F\000i\000e\000l\000d\000\040\000D\000o\000c\000u\000m\000e\000n\000t\000a\000t\000i\000o\000n}{section.6.1}% 139
\BOOKMARK [3][-]{subsubsection.6.1.1.1}{\376\377\0006\000.\0001\000.\0001\000.\0001\000\040\000g\000p\000i\000o}{subsection.6.1.1}% 140
\BOOKMARK [3][-]{subsubsection.6.1.1.2}{\376\377\0006\000.\0001\000.\0001\000.\0002\000\040\000G\000P\000I\000O\000x}{subsection.6.1.1}% 141
\BOOKMARK [0][-]{chapter.7}{\376\377\0007\000\040\000F\000i\000l\000e\000\040\000D\000o\000c\000u\000m\000e\000n\000t\000a\000t\000i\000o\000n}{}% 142
\BOOKMARK [1][-]{section.7.1}{\376\377\0007\000.\0001\000\040\000C\000o\000r\000e\000/\000I\000n\000c\000/\000a\000d\000c\000S\000e\000n\000s\000o\000r\000s\000.\000h\000\040\000F\000i\000l\000e\000\040\000R\000e\000f\000e\000r\000e\000n\000c\000e}{chapter.7}% 143
\BOOKMARK [2][-]{subsection.7.1.1}{\376\377\0007\000.\0001\000.\0001\000\040\000D\000e\000t\000a\000i\000l\000e\000d\000\040\000D\000e\000s\000c\000r\000i\000p\000t\000i\000o\000n}{section.7.1}% 144
\BOOKMARK [1][-]{section.7.2}{\376\377\0007\000.\0002\000\040\000a\000d\000c\000S\000e\000n\000s\000o\000r\000s\000.\000h}{chapter.7}% 145
\BOOKMARK [1][-]{section.7.3}{\376\377\0007\000.\0003\000\040\000C\000o\000r\000e\000/\000I\000n\000c\000/\000c\000o\000m\000m\000o\000n\000M\000e\000t\000h\000o\000d\000s\000.\000h\000\040\000F\000i\000l\000e\000\040\000R\000e\000f\000e\000r\000e\000n\000c\000e}{chapter.7}% 146
\BOOKMARK [2][-]{subsection.7.3.1}{\376\377\0007\000.\0003\000.\0001\000\040\000D\000e\000t\000a\000i\000l\000e\000d\000\040\000D\000e\000s\000c\000r\000i\000p\000t\000i\000o\000n}{section.7.3}% 147
\BOOKMARK [1][-]{section.7.4}{\376\377\0007\000.\0004\000\040\000c\000o\000m\000m\000o\000n\000M\000e\000t\000h\000o\000d\000s\000.\000h}{chapter.7}% 148
\BOOKMARK [1][-]{section.7.5}{\376\377\0007\000.\0005\000\040\000C\000o\000r\000e\000/\000I\000n\000c\000/\000m\000a\000i\000n\000.\000h\000\040\000F\000i\000l\000e\000\040\000R\000e\000f\000e\000r\000e\000n\000c\000e}{chapter.7}% 149
\BOOKMARK [2][-]{subsection.7.5.1}{\376\377\0007\000.\0005\000.\0001\000\040\000D\000e\000t\000a\000i\000l\000e\000d\000\040\000D\000e\000s\000c\000r\000i\000p\000t\000i\000o\000n}{section.7.5}% 150
\BOOKMARK [1][-]{section.7.6}{\376\377\0007\000.\0006\000\040\000m\000a\000i\000n\000.\000h}{chapter.7}% 151
\BOOKMARK [1][-]{section.7.7}{\376\377\0007\000.\0007\000\040\000C\000o\000r\000e\000/\000I\000n\000c\000/\000m\000e\000m\000b\000r\000a\000n\000e\000.\000h\000\040\000F\000i\000l\000e\000\040\000R\000e\000f\000e\000r\000e\000n\000c\000e}{chapter.7}% 152
\BOOKMARK [2][-]{subsection.7.7.1}{\376\377\0007\000.\0007\000.\0001\000\040\000D\000e\000t\000a\000i\000l\000e\000d\000\040\000D\000e\000s\000c\000r\000i\000p\000t\000i\000o\000n}{section.7.7}% 153
\BOOKMARK [1][-]{section.7.8}{\376\377\0007\000.\0008\000\040\000m\000e\000m\000b\000r\000a\000n\000e\000.\000h}{chapter.7}% 154
\BOOKMARK [1][-]{section.7.9}{\376\377\0007\000.\0009\000\040\000C\000o\000r\000e\000/\000I\000n\000c\000/\000p\000i\000n\000p\000a\000d\000.\000h\000\040\000F\000i\000l\000e\000\040\000R\000e\000f\000e\000r\000e\000n\000c\000e}{chapter.7}% 155
\BOOKMARK [2][-]{subsection.7.9.1}{\376\377\0007\000.\0009\000.\0001\000\040\000D\000e\000t\000a\000i\000l\000e\000d\000\040\000D\000e\000s\000c\000r\000i\000p\000t\000i\000o\000n}{section.7.9}% 156
\BOOKMARK [1][-]{section.7.10}{\376\377\0007\000.\0001\0000\000\040\000p\000i\000n\000p\000a\000d\000.\000h}{chapter.7}% 157
\BOOKMARK [1][-]{section.7.11}{\376\377\0007\000.\0001\0001\000\040\000C\000o\000r\000e\000/\000I\000n\000c\000/\000s\000e\000r\000v\000o\000M\000o\000t\000o\000r\000.\000h\000\040\000F\000i\000l\000e\000\040\000R\000e\000f\000e\000r\000e\000n\000c\000e}{chapter.7}% 158
\BOOKMARK [2][-]{subsection.7.11.1}{\376\377\0007\000.\0001\0001\000.\0001\000\040\000D\000e\000t\000a\000i\000l\000e\000d\000\040\000D\000e\000s\000c\000r\000i\000p\000t\000i\000o\000n}{section.7.11}% 159
\BOOKMARK [1][-]{section.7.12}{\376\377\0007\000.\0001\0002\000\040\000s\000e\000r\000v\000o\000M\000o\000t\000o\000r\000.\000h}{chapter.7}% 160
\BOOKMARK [1][-]{section.7.13}{\376\377\0007\000.\0001\0003\000\040\000C\000o\000r\000e\000/\000I\000n\000c\000/\000s\000t\000a\000t\000u\000s\000P\000a\000g\000e\000.\000h\000\040\000F\000i\000l\000e\000\040\000R\000e\000f\000e\000r\000e\000n\000c\000e}{chapter.7}% 161
\BOOKMARK [2][-]{subsection.7.13.1}{\376\377\0007\000.\0001\0003\000.\0001\000\040\000D\000e\000t\000a\000i\000l\000e\000d\000\040\000D\000e\000s\000c\000r\000i\000p\000t\000i\000o\000n}{section.7.13}% 162
\BOOKMARK [1][-]{section.7.14}{\376\377\0007\000.\0001\0004\000\040\000s\000t\000a\000t\000u\000s\000P\000a\000g\000e\000.\000h}{chapter.7}% 163
\BOOKMARK [1][-]{section.7.15}{\376\377\0007\000.\0001\0005\000\040\000C\000o\000r\000e\000/\000S\000r\000c\000/\000a\000d\000c\000S\000e\000n\000s\000o\000r\000s\000.\000c\000\040\000F\000i\000l\000e\000\040\000R\000e\000f\000e\000r\000e\000n\000c\000e}{chapter.7}% 164
\BOOKMARK [2][-]{subsection.7.15.1}{\376\377\0007\000.\0001\0005\000.\0001\000\040\000D\000e\000t\000a\000i\000l\000e\000d\000\040\000D\000e\000s\000c\000r\000i\000p\000t\000i\000o\000n}{section.7.15}% 165
\BOOKMARK [1][-]{section.7.16}{\376\377\0007\000.\0001\0006\000\040\000C\000o\000r\000e\000/\000S\000r\000c\000/\000c\000o\000m\000m\000o\000n\000M\000e\000t\000h\000o\000d\000s\000.\000c\000\040\000F\000i\000l\000e\000\040\000R\000e\000f\000e\000r\000e\000n\000c\000e}{chapter.7}% 166
\BOOKMARK [2][-]{subsection.7.16.1}{\376\377\0007\000.\0001\0006\000.\0001\000\040\000D\000e\000t\000a\000i\000l\000e\000d\000\040\000D\000e\000s\000c\000r\000i\000p\000t\000i\000o\000n}{section.7.16}% 167
\BOOKMARK [1][-]{section.7.17}{\376\377\0007\000.\0001\0007\000\040\000C\000o\000r\000e\000/\000S\000r\000c\000/\000m\000a\000i\000n\000.\000c\000\040\000F\000i\000l\000e\000\040\000R\000e\000f\000e\000r\000e\000n\000c\000e}{chapter.7}% 168
\BOOKMARK [2][-]{subsection.7.17.1}{\376\377\0007\000.\0001\0007\000.\0001\000\040\000D\000e\000t\000a\000i\000l\000e\000d\000\040\000D\000e\000s\000c\000r\000i\000p\000t\000i\000o\000n}{section.7.17}% 169
\BOOKMARK [1][-]{section.7.18}{\376\377\0007\000.\0001\0008\000\040\000C\000o\000r\000e\000/\000S\000r\000c\000/\000m\000e\000m\000b\000r\000a\000n\000e\000.\000c\000\040\000F\000i\000l\000e\000\040\000R\000e\000f\000e\000r\000e\000n\000c\000e}{chapter.7}% 170
\BOOKMARK [2][-]{subsection.7.18.1}{\376\377\0007\000.\0001\0008\000.\0001\000\040\000D\000e\000t\000a\000i\000l\000e\000d\000\040\000D\000e\000s\000c\000r\000i\000p\000t\000i\000o\000n}{section.7.18}% 171
\BOOKMARK [1][-]{section.7.19}{\376\377\0007\000.\0001\0009\000\040\000C\000o\000r\000e\000/\000S\000r\000c\000/\000p\000i\000n\000p\000a\000d\000.\000c\000\040\000F\000i\000l\000e\000\040\000R\000e\000f\000e\000r\000e\000n\000c\000e}{chapter.7}% 172
\BOOKMARK [2][-]{subsection.7.19.1}{\376\377\0007\000.\0001\0009\000.\0001\000\040\000D\000e\000t\000a\000i\000l\000e\000d\000\040\000D\000e\000s\000c\000r\000i\000p\000t\000i\000o\000n}{section.7.19}% 173
\BOOKMARK [1][-]{section.7.20}{\376\377\0007\000.\0002\0000\000\040\000C\000o\000r\000e\000/\000S\000r\000c\000/\000s\000e\000r\000v\000o\000M\000o\000t\000o\000r\000.\000c\000\040\000F\000i\000l\000e\000\040\000R\000e\000f\000e\000r\000e\000n\000c\000e}{chapter.7}% 174
\BOOKMARK [2][-]{subsection.7.20.1}{\376\377\0007\000.\0002\0000\000.\0001\000\040\000D\000e\000t\000a\000i\000l\000e\000d\000\040\000D\000e\000s\000c\000r\000i\000p\000t\000i\000o\000n}{section.7.20}% 175
\BOOKMARK [1][-]{section.7.21}{\376\377\0007\000.\0002\0001\000\040\000C\000o\000r\000e\000/\000S\000r\000c\000/\000s\000t\000a\000t\000u\000s\000P\000a\000g\000e\000.\000c\000\040\000F\000i\000l\000e\000\040\000R\000e\000f\000e\000r\000e\000n\000c\000e}{chapter.7}% 176
\BOOKMARK [2][-]{subsection.7.21.1}{\376\377\0007\000.\0002\0001\000.\0001\000\040\000D\000e\000t\000a\000i\000l\000e\000d\000\040\000D\000e\000s\000c\000r\000i\000p\000t\000i\000o\000n}{section.7.21}% 177
\BOOKMARK [0][-]{section*.66}{\376\377\000I\000n\000d\000e\000x}{}% 178
